<?xml version="1.0" encoding="UTF-8"?>
<!-- Generated by org.testng.reporters.JUnitXMLReporter -->
<testsuite hostname="HYDHTC258607L" ignored="0" name="Report test1" tests="4" failures="1" timestamp="21 Jul 2019 17:09:15 GMT" time="8.994" errors="0">
  <testcase name="verifyAdblockAnon" time="4.311" classname="com.mu.testcases.NonSubsAdblockTest"/>
  <testcase name="verifyAdblockRegi" time="2.685" classname="com.mu.testcases.NonSubsAdblockTest">
    <failure type="java.lang.AssertionError" message="expected [true] but found [false]">
      <![CDATA[java.lang.AssertionError: expected [true] but found [false]
	at com.mu.testcases.NonSubsAdblockTest.verifyAdblockRegi(NonSubsAdblockTest.java:67)
... Removed 38 stack frames]]>
    </failure>
  </testcase> <!-- verifyAdblockRegi -->
  <testcase name="verifyWebAnonOptimizely" time="1.025" classname="com.mu.testcases.WebAnonOptimizely"/>
  <testcase name="verifyWebOptimizely" time="0.922" classname="com.mu.testcases.WebOptimizely"/>
</testsuite> <!-- Report test1 -->
