<?xml version="1.0" encoding="UTF-8" ?>
<testsuite tests="4" failures="1" name="TestSuite" time="8.951" errors="0" skipped="0">
  <properties>
[...]
</properties>
  <testcase classname="com.mu.testcases.NonSubsAdblockTest" name="verifyAdblockAnon" time="4.313"/>
  <testcase classname="com.mu.testcases.NonSubsAdblockTest" name="verifyAdblockRegi" time="2.69">
    <failure message="expected [true] but found [false]" type="java.lang.AssertionError">java.lang.AssertionError: expected [true] but found [false]
	at org.testng.Assert.fail(Assert.java:93)
	at org.testng.Assert.failNotEquals(Assert.java:512)
	at org.testng.Assert.assertTrue(Assert.java:41)
	at org.testng.Assert.assertTrue(Assert.java:51)
	at com.mu.testcases.NonSubsAdblockTest.verifyAdblockRegi(NonSubsAdblockTest.java:67)
</failure>
    <system-out>read excel file is done
MAG_web_non-mobile_regi_kill-set_welcome-ad
welcomeAd excel - MAG_web_non-mobile_regi_kill-set_welcome-ad
barone excel- MAG_web_us_regi
dock excel - MAG_web_non-subs_ad-block_mc-2-3
inline excel - MAG_web_us_regi
gateway excel - MAG_web_us_regi
https://mwcm.nytimes.com/capi/metered_assets?mc=2&amp;mr=0&amp;ma=1&amp;counted=false&amp;granted=true&amp;abra=MC_magnolia_0519%3D1_magnolia&amp;pre_prod=true&amp;areas=barOne&amp;areas=dock&amp;areas=inlineUnit&amp;areas=welcomeAd&amp;areas=truncator&amp;areas=gateway&amp;plat=web&amp;us=regi&amp;adblock=true	
result after Reading JSON Response
welcomeAd - go_to_optimizely
barone- go_to_optimizely
dock- MAG_web_non-subs_ad-block_mc-2-3
inline- go_to_optimizely
gateway- go_to_optimizely
For the asset welcomeAd
Campaign name is not matched i.e. exp. campaign MAG_web_non-mobile_regi_kill-set_welcome-ad and actual campaign is : go_to_optimizely
Status is matched i.e. true
For the asset barOne
Campaign name is not matched i.e. exp. campaign MAG_web_us_regi and actual campaign is : go_to_optimizely
Status is matched i.e. true
For the asset dock
Campaign name is matched i.e. MAG_web_non-subs_ad-block_mc-2-3
Status is matched i.e. true
For the asset inlineUnit
Campaign name is not matched i.e. exp. campaign MAG_web_us_regi and actual campaign is : go_to_optimizely
Status is matched i.e. true
For the asset gateway
Campaign name is not matched i.e. exp. campaign MAG_web_us_regi and actual campaign is : go_to_optimizely
Status is matched i.e. true
</system-out>
  </testcase>
  <testcase classname="com.mu.testcases.WebAnonOptimizely" name="verifyWebAnonOptimizely" time="1.025"/>
  <testcase classname="com.mu.testcases.WebOptimizely" name="verifyWebOptimizely" time="0.923"/>
</testsuite>