<?xml version="1.0" encoding="UTF-8"?>
<testng-results skipped="0" failed="1" ignored="0" total="30" passed="29">
  <reporter-output>
    <line>
      <![CDATA[gateway targetingInfo for Test Campaign : MAG_web_regi_all_monthly-sale]]>
    </line>
    <line>
      <![CDATA[Error: expected [/subscription/variants/variant-24] but found [null]]]>
    </line>
    <line>
      <![CDATA[gateway targetingInfo for Test Campaign : MAG_web_regi_all_monthly-sale]]>
    </line>
    <line>
      <![CDATA[Error: expected [/creatives/lp/inyt/sale/primary-ind-lp8U87I-1.0] but found [null]]]>
    </line>
  </reporter-output>
  <suite name="Suite" duration-ms="66529" started-at="2019-08-22T11:27:31Z" finished-at="2019-08-22T11:28:38Z">
    <groups>
    </groups>
    <test name="CAPI Regression Test" duration-ms="66529" started-at="2019-08-22T11:27:31Z" finished-at="2019-08-22T11:28:38Z">
      <class name="com.mu.testcases.WebRegiINYTLight">
        <test-method status="PASS" signature="setUpBeforeMethod(java.lang.reflect.Method)[pri:0, instance:com.mu.testcases.WebRegiINYTLight@dc59ad47]" name="setUpBeforeMethod" is-config="true" duration-ms="1" started-at="2019-08-22T16:58:01Z" finished-at="2019-08-22T16:58:01Z">
          <params>
            <param index="0">
              <value>
                <![CDATA[public void com.mu.testcases.WebRegiINYTLight.verifyLightTestGreece()]]>
              </value>
            </param>
          </params>
          <reporter-output>
          </reporter-output>
        </test-method> <!-- setUpBeforeMethod -->
        <test-method status="PASS" signature="verifyLightTestGreece()[pri:0, instance:com.mu.testcases.WebRegiINYTLight@dc59ad47]" name="verifyLightTestGreece" duration-ms="1883" started-at="2019-08-22T16:58:01Z" finished-at="2019-08-22T16:58:03Z">
          <reporter-output>
          </reporter-output>
        </test-method> <!-- verifyLightTestGreece -->
        <test-method status="PASS" signature="tearDownAfterMethod(java.lang.reflect.Method)[pri:0, instance:com.mu.testcases.WebRegiINYTLight@dc59ad47]" name="tearDownAfterMethod" is-config="true" duration-ms="1" started-at="2019-08-22T16:58:03Z" finished-at="2019-08-22T16:58:03Z">
          <params>
            <param index="0">
              <value>
                <![CDATA[public void com.mu.testcases.WebRegiINYTLight.verifyLightTestGreece()]]>
              </value>
            </param>
          </params>
          <reporter-output>
          </reporter-output>
        </test-method> <!-- tearDownAfterMethod -->
        <test-method status="PASS" signature="setUpBeforeMethod(java.lang.reflect.Method)[pri:0, instance:com.mu.testcases.WebRegiINYTLight@dc59ad47]" name="setUpBeforeMethod" is-config="true" duration-ms="0" started-at="2019-08-22T16:58:03Z" finished-at="2019-08-22T16:58:03Z">
          <params>
            <param index="0">
              <value>
                <![CDATA[public void com.mu.testcases.WebRegiINYTLight.verifyLightTestItaly()]]>
              </value>
            </param>
          </params>
          <reporter-output>
          </reporter-output>
        </test-method> <!-- setUpBeforeMethod -->
        <test-method status="PASS" signature="verifyLightTestItaly()[pri:0, instance:com.mu.testcases.WebRegiINYTLight@dc59ad47]" name="verifyLightTestItaly" duration-ms="2146" started-at="2019-08-22T16:58:03Z" finished-at="2019-08-22T16:58:05Z">
          <reporter-output>
          </reporter-output>
        </test-method> <!-- verifyLightTestItaly -->
        <test-method status="PASS" signature="tearDownAfterMethod(java.lang.reflect.Method)[pri:0, instance:com.mu.testcases.WebRegiINYTLight@dc59ad47]" name="tearDownAfterMethod" is-config="true" duration-ms="1" started-at="2019-08-22T16:58:05Z" finished-at="2019-08-22T16:58:05Z">
          <params>
            <param index="0">
              <value>
                <![CDATA[public void com.mu.testcases.WebRegiINYTLight.verifyLightTestItaly()]]>
              </value>
            </param>
          </params>
          <reporter-output>
          </reporter-output>
        </test-method> <!-- tearDownAfterMethod -->
        <test-method status="PASS" signature="verifyLightTestPortugal()[pri:0, instance:com.mu.testcases.WebRegiINYTLight@dc59ad47]" name="verifyLightTestPortugal" duration-ms="2608" started-at="2019-08-22T16:58:05Z" finished-at="2019-08-22T16:58:07Z">
          <reporter-output>
          </reporter-output>
        </test-method> <!-- verifyLightTestPortugal -->
        <test-method status="PASS" signature="setUpBeforeMethod(java.lang.reflect.Method)[pri:0, instance:com.mu.testcases.WebRegiINYTLight@dc59ad47]" name="setUpBeforeMethod" is-config="true" duration-ms="0" started-at="2019-08-22T16:58:05Z" finished-at="2019-08-22T16:58:05Z">
          <params>
            <param index="0">
              <value>
                <![CDATA[public void com.mu.testcases.WebRegiINYTLight.verifyLightTestPortugal()]]>
              </value>
            </param>
          </params>
          <reporter-output>
          </reporter-output>
        </test-method> <!-- setUpBeforeMethod -->
        <test-method status="PASS" signature="tearDownAfterMethod(java.lang.reflect.Method)[pri:0, instance:com.mu.testcases.WebRegiINYTLight@dc59ad47]" name="tearDownAfterMethod" is-config="true" duration-ms="0" started-at="2019-08-22T16:58:07Z" finished-at="2019-08-22T16:58:07Z">
          <params>
            <param index="0">
              <value>
                <![CDATA[public void com.mu.testcases.WebRegiINYTLight.verifyLightTestPortugal()]]>
              </value>
            </param>
          </params>
          <reporter-output>
          </reporter-output>
        </test-method> <!-- tearDownAfterMethod -->
        <test-method status="PASS" signature="verifyLightTestSpain()[pri:0, instance:com.mu.testcases.WebRegiINYTLight@dc59ad47]" name="verifyLightTestSpain" duration-ms="2076" started-at="2019-08-22T16:58:07Z" finished-at="2019-08-22T16:58:09Z">
          <reporter-output>
          </reporter-output>
        </test-method> <!-- verifyLightTestSpain -->
        <test-method status="PASS" signature="setUpBeforeMethod(java.lang.reflect.Method)[pri:0, instance:com.mu.testcases.WebRegiINYTLight@dc59ad47]" name="setUpBeforeMethod" is-config="true" duration-ms="0" started-at="2019-08-22T16:58:07Z" finished-at="2019-08-22T16:58:07Z">
          <params>
            <param index="0">
              <value>
                <![CDATA[public void com.mu.testcases.WebRegiINYTLight.verifyLightTestSpain()]]>
              </value>
            </param>
          </params>
          <reporter-output>
          </reporter-output>
        </test-method> <!-- setUpBeforeMethod -->
        <test-method status="PASS" signature="tearDownAfterMethod(java.lang.reflect.Method)[pri:0, instance:com.mu.testcases.WebRegiINYTLight@dc59ad47]" name="tearDownAfterMethod" is-config="true" duration-ms="1" started-at="2019-08-22T16:58:09Z" finished-at="2019-08-22T16:58:09Z">
          <params>
            <param index="0">
              <value>
                <![CDATA[public void com.mu.testcases.WebRegiINYTLight.verifyLightTestSpain()]]>
              </value>
            </param>
          </params>
          <reporter-output>
          </reporter-output>
        </test-method> <!-- tearDownAfterMethod -->
      </class> <!-- com.mu.testcases.WebRegiINYTLight -->
      <class name="com.mu.testcases.WebAnonOptimizely">
        <test-method status="PASS" signature="verifyWebAnonOptimizely()[pri:0, instance:com.mu.testcases.WebAnonOptimizely@f42227ce]" name="verifyWebAnonOptimizely" duration-ms="1897" started-at="2019-08-22T16:57:54Z" finished-at="2019-08-22T16:57:56Z">
          <reporter-output>
          </reporter-output>
        </test-method> <!-- verifyWebAnonOptimizely -->
        <test-method status="PASS" signature="setUpBeforeMethod(java.lang.reflect.Method)[pri:0, instance:com.mu.testcases.WebAnonOptimizely@f42227ce]" name="setUpBeforeMethod" is-config="true" duration-ms="0" started-at="2019-08-22T16:57:54Z" finished-at="2019-08-22T16:57:54Z">
          <params>
            <param index="0">
              <value>
                <![CDATA[public void com.mu.testcases.WebAnonOptimizely.verifyWebAnonOptimizely()]]>
              </value>
            </param>
          </params>
          <reporter-output>
          </reporter-output>
        </test-method> <!-- setUpBeforeMethod -->
        <test-method status="PASS" signature="tearDownAfterMethod(java.lang.reflect.Method)[pri:0, instance:com.mu.testcases.WebAnonOptimizely@f42227ce]" name="tearDownAfterMethod" is-config="true" duration-ms="1" started-at="2019-08-22T16:57:56Z" finished-at="2019-08-22T16:57:56Z">
          <params>
            <param index="0">
              <value>
                <![CDATA[public void com.mu.testcases.WebAnonOptimizely.verifyWebAnonOptimizely()]]>
              </value>
            </param>
          </params>
          <reporter-output>
          </reporter-output>
        </test-method> <!-- tearDownAfterMethod -->
      </class> <!-- com.mu.testcases.WebAnonOptimizely -->
      <class name="com.mu.testcases.AndroidIOSNonSub">
        <test-method status="PASS" signature="setUpBeforeMethod(java.lang.reflect.Method)[pri:0, instance:com.mu.testcases.AndroidIOSNonSub@ce6406e7]" name="setUpBeforeMethod" is-config="true" duration-ms="2" started-at="2019-08-22T16:57:31Z" finished-at="2019-08-22T16:57:31Z">
          <params>
            <param index="0">
              <value>
                <![CDATA[public void com.mu.testcases.AndroidIOSNonSub.verifyAndroidAnon()]]>
              </value>
            </param>
          </params>
          <reporter-output>
          </reporter-output>
        </test-method> <!-- setUpBeforeMethod -->
        <test-method status="PASS" signature="verifyAndroidAnon()[pri:0, instance:com.mu.testcases.AndroidIOSNonSub@ce6406e7]" name="verifyAndroidAnon" duration-ms="5816" started-at="2019-08-22T16:57:31Z" finished-at="2019-08-22T16:57:37Z">
          <reporter-output>
          </reporter-output>
        </test-method> <!-- verifyAndroidAnon -->
        <test-method status="PASS" signature="tearDownAfterMethod(java.lang.reflect.Method)[pri:0, instance:com.mu.testcases.AndroidIOSNonSub@ce6406e7]" name="tearDownAfterMethod" is-config="true" duration-ms="0" started-at="2019-08-22T16:57:37Z" finished-at="2019-08-22T16:57:37Z">
          <params>
            <param index="0">
              <value>
                <![CDATA[public void com.mu.testcases.AndroidIOSNonSub.verifyAndroidAnon()]]>
              </value>
            </param>
          </params>
          <reporter-output>
          </reporter-output>
        </test-method> <!-- tearDownAfterMethod -->
        <test-method status="PASS" signature="setUpBeforeMethod(java.lang.reflect.Method)[pri:0, instance:com.mu.testcases.AndroidIOSNonSub@ce6406e7]" name="setUpBeforeMethod" is-config="true" duration-ms="1" started-at="2019-08-22T16:57:37Z" finished-at="2019-08-22T16:57:37Z">
          <params>
            <param index="0">
              <value>
                <![CDATA[public void com.mu.testcases.AndroidIOSNonSub.verifyAndroidRegi()]]>
              </value>
            </param>
          </params>
          <reporter-output>
          </reporter-output>
        </test-method> <!-- setUpBeforeMethod -->
        <test-method status="PASS" signature="verifyAndroidRegi()[pri:0, instance:com.mu.testcases.AndroidIOSNonSub@ce6406e7]" name="verifyAndroidRegi" duration-ms="2245" started-at="2019-08-22T16:57:37Z" finished-at="2019-08-22T16:57:39Z">
          <reporter-output>
          </reporter-output>
        </test-method> <!-- verifyAndroidRegi -->
        <test-method status="PASS" signature="tearDownAfterMethod(java.lang.reflect.Method)[pri:0, instance:com.mu.testcases.AndroidIOSNonSub@ce6406e7]" name="tearDownAfterMethod" is-config="true" duration-ms="1" started-at="2019-08-22T16:57:39Z" finished-at="2019-08-22T16:57:39Z">
          <params>
            <param index="0">
              <value>
                <![CDATA[public void com.mu.testcases.AndroidIOSNonSub.verifyAndroidRegi()]]>
              </value>
            </param>
          </params>
          <reporter-output>
          </reporter-output>
        </test-method> <!-- tearDownAfterMethod -->
        <test-method status="PASS" signature="setUpBeforeMethod(java.lang.reflect.Method)[pri:0, instance:com.mu.testcases.AndroidIOSNonSub@ce6406e7]" name="setUpBeforeMethod" is-config="true" duration-ms="0" started-at="2019-08-22T16:57:39Z" finished-at="2019-08-22T16:57:39Z">
          <params>
            <param index="0">
              <value>
                <![CDATA[public void com.mu.testcases.AndroidIOSNonSub.verifyIOSAnon()]]>
              </value>
            </param>
          </params>
          <reporter-output>
          </reporter-output>
        </test-method> <!-- setUpBeforeMethod -->
        <test-method status="PASS" signature="verifyIOSAnon()[pri:0, instance:com.mu.testcases.AndroidIOSNonSub@ce6406e7]" name="verifyIOSAnon" duration-ms="2039" started-at="2019-08-22T16:57:39Z" finished-at="2019-08-22T16:57:41Z">
          <reporter-output>
          </reporter-output>
        </test-method> <!-- verifyIOSAnon -->
        <test-method status="PASS" signature="tearDownAfterMethod(java.lang.reflect.Method)[pri:0, instance:com.mu.testcases.AndroidIOSNonSub@ce6406e7]" name="tearDownAfterMethod" is-config="true" duration-ms="2" started-at="2019-08-22T16:57:41Z" finished-at="2019-08-22T16:57:41Z">
          <params>
            <param index="0">
              <value>
                <![CDATA[public void com.mu.testcases.AndroidIOSNonSub.verifyIOSAnon()]]>
              </value>
            </param>
          </params>
          <reporter-output>
          </reporter-output>
        </test-method> <!-- tearDownAfterMethod -->
        <test-method status="PASS" signature="setUpBeforeMethod(java.lang.reflect.Method)[pri:0, instance:com.mu.testcases.AndroidIOSNonSub@ce6406e7]" name="setUpBeforeMethod" is-config="true" duration-ms="1" started-at="2019-08-22T16:57:41Z" finished-at="2019-08-22T16:57:41Z">
          <params>
            <param index="0">
              <value>
                <![CDATA[public void com.mu.testcases.AndroidIOSNonSub.verifyIOSRegi()]]>
              </value>
            </param>
          </params>
          <reporter-output>
          </reporter-output>
        </test-method> <!-- setUpBeforeMethod -->
        <test-method status="PASS" signature="verifyIOSRegi()[pri:0, instance:com.mu.testcases.AndroidIOSNonSub@ce6406e7]" name="verifyIOSRegi" duration-ms="1883" started-at="2019-08-22T16:57:41Z" finished-at="2019-08-22T16:57:43Z">
          <reporter-output>
          </reporter-output>
        </test-method> <!-- verifyIOSRegi -->
        <test-method status="PASS" signature="tearDownAfterMethod(java.lang.reflect.Method)[pri:0, instance:com.mu.testcases.AndroidIOSNonSub@ce6406e7]" name="tearDownAfterMethod" is-config="true" duration-ms="0" started-at="2019-08-22T16:57:43Z" finished-at="2019-08-22T16:57:43Z">
          <params>
            <param index="0">
              <value>
                <![CDATA[public void com.mu.testcases.AndroidIOSNonSub.verifyIOSRegi()]]>
              </value>
            </param>
          </params>
          <reporter-output>
          </reporter-output>
        </test-method> <!-- tearDownAfterMethod -->
      </class> <!-- com.mu.testcases.AndroidIOSNonSub -->
      <class name="com.mu.testcases.WebSubInlineKillSet">
        <test-method status="PASS" signature="verifyWebSubInlineKillSet()[pri:0, instance:com.mu.testcases.WebSubInlineKillSet@809c507a]" name="verifyWebSubInlineKillSet" duration-ms="2664" started-at="2019-08-22T16:57:58Z" finished-at="2019-08-22T16:58:01Z">
          <reporter-output>
          </reporter-output>
        </test-method> <!-- verifyWebSubInlineKillSet -->
        <test-method status="PASS" signature="setUpBeforeMethod(java.lang.reflect.Method)[pri:0, instance:com.mu.testcases.WebSubInlineKillSet@809c507a]" name="setUpBeforeMethod" is-config="true" duration-ms="0" started-at="2019-08-22T16:57:58Z" finished-at="2019-08-22T16:57:58Z">
          <params>
            <param index="0">
              <value>
                <![CDATA[public void com.mu.testcases.WebSubInlineKillSet.verifyWebSubInlineKillSet()]]>
              </value>
            </param>
          </params>
          <reporter-output>
          </reporter-output>
        </test-method> <!-- setUpBeforeMethod -->
        <test-method status="PASS" signature="tearDownAfterMethod(java.lang.reflect.Method)[pri:0, instance:com.mu.testcases.WebSubInlineKillSet@809c507a]" name="tearDownAfterMethod" is-config="true" duration-ms="1" started-at="2019-08-22T16:58:01Z" finished-at="2019-08-22T16:58:01Z">
          <params>
            <param index="0">
              <value>
                <![CDATA[public void com.mu.testcases.WebSubInlineKillSet.verifyWebSubInlineKillSet()]]>
              </value>
            </param>
          </params>
          <reporter-output>
          </reporter-output>
        </test-method> <!-- tearDownAfterMethod -->
      </class> <!-- com.mu.testcases.WebSubInlineKillSet -->
      <class name="com.mu.testcases.AndroidIOSKillSet">
        <test-method status="PASS" signature="setUpBeforeMethod(java.lang.reflect.Method)[pri:0, instance:com.mu.testcases.AndroidIOSKillSet@f8604f4a]" name="setUpBeforeMethod" is-config="true" duration-ms="0" started-at="2019-08-22T16:57:43Z" finished-at="2019-08-22T16:57:43Z">
          <params>
            <param index="0">
              <value>
                <![CDATA[public void com.mu.testcases.AndroidIOSKillSet.verifyAndroidSub()]]>
              </value>
            </param>
          </params>
          <reporter-output>
          </reporter-output>
        </test-method> <!-- setUpBeforeMethod -->
        <test-method status="PASS" signature="verifyAndroidSub()[pri:0, instance:com.mu.testcases.AndroidIOSKillSet@f8604f4a]" name="verifyAndroidSub" duration-ms="1555" started-at="2019-08-22T16:57:43Z" finished-at="2019-08-22T16:57:45Z">
          <reporter-output>
          </reporter-output>
        </test-method> <!-- verifyAndroidSub -->
        <test-method status="PASS" signature="tearDownAfterMethod(java.lang.reflect.Method)[pri:0, instance:com.mu.testcases.AndroidIOSKillSet@f8604f4a]" name="tearDownAfterMethod" is-config="true" duration-ms="1" started-at="2019-08-22T16:57:45Z" finished-at="2019-08-22T16:57:45Z">
          <params>
            <param index="0">
              <value>
                <![CDATA[public void com.mu.testcases.AndroidIOSKillSet.verifyAndroidSub()]]>
              </value>
            </param>
          </params>
          <reporter-output>
          </reporter-output>
        </test-method> <!-- tearDownAfterMethod -->
        <test-method status="PASS" signature="verifyIOSSub()[pri:0, instance:com.mu.testcases.AndroidIOSKillSet@f8604f4a]" name="verifyIOSSub" duration-ms="1691" started-at="2019-08-22T16:57:45Z" finished-at="2019-08-22T16:57:47Z">
          <reporter-output>
          </reporter-output>
        </test-method> <!-- verifyIOSSub -->
        <test-method status="PASS" signature="setUpBeforeMethod(java.lang.reflect.Method)[pri:0, instance:com.mu.testcases.AndroidIOSKillSet@f8604f4a]" name="setUpBeforeMethod" is-config="true" duration-ms="0" started-at="2019-08-22T16:57:45Z" finished-at="2019-08-22T16:57:45Z">
          <params>
            <param index="0">
              <value>
                <![CDATA[public void com.mu.testcases.AndroidIOSKillSet.verifyIOSSub()]]>
              </value>
            </param>
          </params>
          <reporter-output>
          </reporter-output>
        </test-method> <!-- setUpBeforeMethod -->
        <test-method status="PASS" signature="tearDownAfterMethod(java.lang.reflect.Method)[pri:0, instance:com.mu.testcases.AndroidIOSKillSet@f8604f4a]" name="tearDownAfterMethod" is-config="true" duration-ms="1" started-at="2019-08-22T16:57:47Z" finished-at="2019-08-22T16:57:47Z">
          <params>
            <param index="0">
              <value>
                <![CDATA[public void com.mu.testcases.AndroidIOSKillSet.verifyIOSSub()]]>
              </value>
            </param>
          </params>
          <reporter-output>
          </reporter-output>
        </test-method> <!-- tearDownAfterMethod -->
      </class> <!-- com.mu.testcases.AndroidIOSKillSet -->
      <class name="com.mu.testcases.RegiAdblockTest">
        <test-method status="PASS" signature="verifyAdblockRegiMC2()[pri:0, instance:com.mu.testcases.RegiAdblockTest@b37b7411]" name="verifyAdblockRegiMC2" duration-ms="2788" started-at="2019-08-22T16:57:47Z" finished-at="2019-08-22T16:57:49Z">
          <reporter-output>
          </reporter-output>
        </test-method> <!-- verifyAdblockRegiMC2 -->
        <test-method status="PASS" signature="setUpBeforeMethod(java.lang.reflect.Method)[pri:0, instance:com.mu.testcases.RegiAdblockTest@b37b7411]" name="setUpBeforeMethod" is-config="true" duration-ms="0" started-at="2019-08-22T16:57:47Z" finished-at="2019-08-22T16:57:47Z">
          <params>
            <param index="0">
              <value>
                <![CDATA[public void com.mu.testcases.RegiAdblockTest.verifyAdblockRegiMC2()]]>
              </value>
            </param>
          </params>
          <reporter-output>
          </reporter-output>
        </test-method> <!-- setUpBeforeMethod -->
        <test-method status="PASS" signature="tearDownAfterMethod(java.lang.reflect.Method)[pri:0, instance:com.mu.testcases.RegiAdblockTest@b37b7411]" name="tearDownAfterMethod" is-config="true" duration-ms="0" started-at="2019-08-22T16:57:49Z" finished-at="2019-08-22T16:57:49Z">
          <params>
            <param index="0">
              <value>
                <![CDATA[public void com.mu.testcases.RegiAdblockTest.verifyAdblockRegiMC2()]]>
              </value>
            </param>
          </params>
          <reporter-output>
          </reporter-output>
        </test-method> <!-- tearDownAfterMethod -->
        <test-method status="PASS" signature="setUpBeforeMethod(java.lang.reflect.Method)[pri:0, instance:com.mu.testcases.RegiAdblockTest@b37b7411]" name="setUpBeforeMethod" is-config="true" duration-ms="0" started-at="2019-08-22T16:57:49Z" finished-at="2019-08-22T16:57:49Z">
          <params>
            <param index="0">
              <value>
                <![CDATA[public void com.mu.testcases.RegiAdblockTest.verifyAdblockRegiMC3()]]>
              </value>
            </param>
          </params>
          <reporter-output>
          </reporter-output>
        </test-method> <!-- setUpBeforeMethod -->
        <test-method status="PASS" signature="verifyAdblockRegiMC3()[pri:0, instance:com.mu.testcases.RegiAdblockTest@b37b7411]" name="verifyAdblockRegiMC3" duration-ms="2578" started-at="2019-08-22T16:57:49Z" finished-at="2019-08-22T16:57:52Z">
          <reporter-output>
          </reporter-output>
        </test-method> <!-- verifyAdblockRegiMC3 -->
        <test-method status="PASS" signature="tearDownAfterMethod(java.lang.reflect.Method)[pri:0, instance:com.mu.testcases.RegiAdblockTest@b37b7411]" name="tearDownAfterMethod" is-config="true" duration-ms="0" started-at="2019-08-22T16:57:52Z" finished-at="2019-08-22T16:57:52Z">
          <params>
            <param index="0">
              <value>
                <![CDATA[public void com.mu.testcases.RegiAdblockTest.verifyAdblockRegiMC3()]]>
              </value>
            </param>
          </params>
          <reporter-output>
          </reporter-output>
        </test-method> <!-- tearDownAfterMethod -->
        <test-method status="PASS" signature="verifyAdblockRegiMC4()[pri:0, instance:com.mu.testcases.RegiAdblockTest@b37b7411]" name="verifyAdblockRegiMC4" duration-ms="2467" started-at="2019-08-22T16:57:52Z" finished-at="2019-08-22T16:57:54Z">
          <reporter-output>
          </reporter-output>
        </test-method> <!-- verifyAdblockRegiMC4 -->
        <test-method status="PASS" signature="setUpBeforeMethod(java.lang.reflect.Method)[pri:0, instance:com.mu.testcases.RegiAdblockTest@b37b7411]" name="setUpBeforeMethod" is-config="true" duration-ms="0" started-at="2019-08-22T16:57:52Z" finished-at="2019-08-22T16:57:52Z">
          <params>
            <param index="0">
              <value>
                <![CDATA[public void com.mu.testcases.RegiAdblockTest.verifyAdblockRegiMC4()]]>
              </value>
            </param>
          </params>
          <reporter-output>
          </reporter-output>
        </test-method> <!-- setUpBeforeMethod -->
        <test-method status="PASS" signature="tearDownAfterMethod(java.lang.reflect.Method)[pri:0, instance:com.mu.testcases.RegiAdblockTest@b37b7411]" name="tearDownAfterMethod" is-config="true" duration-ms="0" started-at="2019-08-22T16:57:54Z" finished-at="2019-08-22T16:57:54Z">
          <params>
            <param index="0">
              <value>
                <![CDATA[public void com.mu.testcases.RegiAdblockTest.verifyAdblockRegiMC4()]]>
              </value>
            </param>
          </params>
          <reporter-output>
          </reporter-output>
        </test-method> <!-- tearDownAfterMethod -->
      </class> <!-- com.mu.testcases.RegiAdblockTest -->
      <class name="com.mu.testcases.WebOptimizely">
        <test-method status="PASS" signature="setUpBeforeMethod(java.lang.reflect.Method)[pri:0, instance:com.mu.testcases.WebOptimizely@b4a99356]" name="setUpBeforeMethod" is-config="true" duration-ms="1" started-at="2019-08-22T16:57:56Z" finished-at="2019-08-22T16:57:56Z">
          <params>
            <param index="0">
              <value>
                <![CDATA[public void com.mu.testcases.WebOptimizely.verifyWebOptimizely()]]>
              </value>
            </param>
          </params>
          <reporter-output>
          </reporter-output>
        </test-method> <!-- setUpBeforeMethod -->
        <test-method status="PASS" signature="verifyWebOptimizely()[pri:0, instance:com.mu.testcases.WebOptimizely@b4a99356]" name="verifyWebOptimizely" duration-ms="1600" started-at="2019-08-22T16:57:56Z" finished-at="2019-08-22T16:57:58Z">
          <reporter-output>
          </reporter-output>
        </test-method> <!-- verifyWebOptimizely -->
        <test-method status="PASS" signature="tearDownAfterMethod(java.lang.reflect.Method)[pri:0, instance:com.mu.testcases.WebOptimizely@b4a99356]" name="tearDownAfterMethod" is-config="true" duration-ms="0" started-at="2019-08-22T16:57:58Z" finished-at="2019-08-22T16:57:58Z">
          <params>
            <param index="0">
              <value>
                <![CDATA[public void com.mu.testcases.WebOptimizely.verifyWebOptimizely()]]>
              </value>
            </param>
          </params>
          <reporter-output>
          </reporter-output>
        </test-method> <!-- tearDownAfterMethod -->
      </class> <!-- com.mu.testcases.WebOptimizely -->
      <class name="com.mu.testcases.TestConfig">
        <test-method status="PASS" signature="testBeforeSuite()[pri:0, instance:com.mu.testcases.TestConfig@37b3f3ef]" name="testBeforeSuite" is-config="true" duration-ms="11" started-at="2019-08-22T16:57:31Z" finished-at="2019-08-22T16:57:31Z">
          <reporter-output>
          </reporter-output>
        </test-method> <!-- testBeforeSuite -->
        <test-method status="PASS" signature="testBeforeTest(java.lang.String, java.lang.String)[pri:0, instance:com.mu.testcases.TestConfig@37b3f3ef]" name="testBeforeTest" is-config="true" duration-ms="2" started-at="2019-08-22T16:57:31Z" finished-at="2019-08-22T16:57:31Z">
          <params>
            <param index="0">
              <value>
                <![CDATA[stage_published]]>
              </value>
            </param>
            <param index="1">
              <value>
                <![CDATA[Sale]]>
              </value>
            </param>
          </params>
          <reporter-output>
          </reporter-output>
        </test-method> <!-- testBeforeTest -->
        <test-method status="PASS" signature="testAfterTest()[pri:0, instance:com.mu.testcases.TestConfig@37b3f3ef]" name="testAfterTest" is-config="true" duration-ms="0" started-at="2019-08-22T16:58:38Z" finished-at="2019-08-22T16:58:38Z">
          <reporter-output>
          </reporter-output>
        </test-method> <!-- testAfterTest -->
        <test-method status="PASS" signature="testAfterSuite()[pri:0, instance:com.mu.testcases.TestConfig@37b3f3ef]" name="testAfterSuite" is-config="true" duration-ms="0" started-at="2019-08-22T16:58:38Z" finished-at="2019-08-22T16:58:38Z">
          <reporter-output>
          </reporter-output>
        </test-method> <!-- testAfterSuite -->
      </class> <!-- com.mu.testcases.TestConfig -->
      <class name="com.mu.testcases.Opt_WebRegiUS_PayWall">
        <test-method status="PASS" signature="setUpBeforeMethod(java.lang.reflect.Method)[pri:0, instance:com.mu.testcases.Opt_WebRegiUS_PayWall@91ddd34e]" name="setUpBeforeMethod" is-config="true" duration-ms="0" started-at="2019-08-22T16:58:19Z" finished-at="2019-08-22T16:58:19Z">
          <params>
            <param index="0">
              <value>
                <![CDATA[public void com.mu.testcases.Opt_WebRegiUS_PayWall.verify_WebRegiUS_PayWall()]]>
              </value>
            </param>
          </params>
          <reporter-output>
          </reporter-output>
        </test-method> <!-- setUpBeforeMethod -->
        <test-method status="PASS" signature="verify_WebRegiUS_PayWall()[pri:0, instance:com.mu.testcases.Opt_WebRegiUS_PayWall@91ddd34e]" name="verify_WebRegiUS_PayWall" duration-ms="2182" started-at="2019-08-22T16:58:19Z" finished-at="2019-08-22T16:58:21Z">
          <reporter-output>
          </reporter-output>
        </test-method> <!-- verify_WebRegiUS_PayWall -->
        <test-method status="PASS" signature="tearDownAfterMethod(java.lang.reflect.Method)[pri:0, instance:com.mu.testcases.Opt_WebRegiUS_PayWall@91ddd34e]" name="tearDownAfterMethod" is-config="true" duration-ms="1" started-at="2019-08-22T16:58:21Z" finished-at="2019-08-22T16:58:21Z">
          <params>
            <param index="0">
              <value>
                <![CDATA[public void com.mu.testcases.Opt_WebRegiUS_PayWall.verify_WebRegiUS_PayWall()]]>
              </value>
            </param>
          </params>
          <reporter-output>
          </reporter-output>
        </test-method> <!-- tearDownAfterMethod -->
      </class> <!-- com.mu.testcases.Opt_WebRegiUS_PayWall -->
      <class name="com.mu.testcases.WebRegiINYTFamily">
        <test-method status="PASS" signature="setUpBeforeMethod(java.lang.reflect.Method)[pri:0, instance:com.mu.testcases.WebRegiINYTFamily@ca48c5cc]" name="setUpBeforeMethod" is-config="true" duration-ms="1" started-at="2019-08-22T16:58:09Z" finished-at="2019-08-22T16:58:09Z">
          <params>
            <param index="0">
              <value>
                <![CDATA[public void com.mu.testcases.WebRegiINYTFamily.verifyLightTestDenmark()]]>
              </value>
            </param>
          </params>
          <reporter-output>
          </reporter-output>
        </test-method> <!-- setUpBeforeMethod -->
        <test-method status="PASS" signature="verifyLightTestDenmark()[pri:0, instance:com.mu.testcases.WebRegiINYTFamily@ca48c5cc]" name="verifyLightTestDenmark" duration-ms="1664" started-at="2019-08-22T16:58:09Z" finished-at="2019-08-22T16:58:11Z">
          <reporter-output>
          </reporter-output>
        </test-method> <!-- verifyLightTestDenmark -->
        <test-method status="PASS" signature="tearDownAfterMethod(java.lang.reflect.Method)[pri:0, instance:com.mu.testcases.WebRegiINYTFamily@ca48c5cc]" name="tearDownAfterMethod" is-config="true" duration-ms="0" started-at="2019-08-22T16:58:11Z" finished-at="2019-08-22T16:58:11Z">
          <params>
            <param index="0">
              <value>
                <![CDATA[public void com.mu.testcases.WebRegiINYTFamily.verifyLightTestDenmark()]]>
              </value>
            </param>
          </params>
          <reporter-output>
          </reporter-output>
        </test-method> <!-- tearDownAfterMethod -->
        <test-method status="PASS" signature="setUpBeforeMethod(java.lang.reflect.Method)[pri:0, instance:com.mu.testcases.WebRegiINYTFamily@ca48c5cc]" name="setUpBeforeMethod" is-config="true" duration-ms="0" started-at="2019-08-22T16:58:11Z" finished-at="2019-08-22T16:58:11Z">
          <params>
            <param index="0">
              <value>
                <![CDATA[public void com.mu.testcases.WebRegiINYTFamily.verifyLightTestFinland()]]>
              </value>
            </param>
          </params>
          <reporter-output>
          </reporter-output>
        </test-method> <!-- setUpBeforeMethod -->
        <test-method status="PASS" signature="verifyLightTestFinland()[pri:0, instance:com.mu.testcases.WebRegiINYTFamily@ca48c5cc]" name="verifyLightTestFinland" duration-ms="1938" started-at="2019-08-22T16:58:11Z" finished-at="2019-08-22T16:58:13Z">
          <reporter-output>
          </reporter-output>
        </test-method> <!-- verifyLightTestFinland -->
        <test-method status="PASS" signature="tearDownAfterMethod(java.lang.reflect.Method)[pri:0, instance:com.mu.testcases.WebRegiINYTFamily@ca48c5cc]" name="tearDownAfterMethod" is-config="true" duration-ms="1" started-at="2019-08-22T16:58:13Z" finished-at="2019-08-22T16:58:13Z">
          <params>
            <param index="0">
              <value>
                <![CDATA[public void com.mu.testcases.WebRegiINYTFamily.verifyLightTestFinland()]]>
              </value>
            </param>
          </params>
          <reporter-output>
          </reporter-output>
        </test-method> <!-- tearDownAfterMethod -->
        <test-method status="PASS" signature="setUpBeforeMethod(java.lang.reflect.Method)[pri:0, instance:com.mu.testcases.WebRegiINYTFamily@ca48c5cc]" name="setUpBeforeMethod" is-config="true" duration-ms="1" started-at="2019-08-22T16:58:13Z" finished-at="2019-08-22T16:58:13Z">
          <params>
            <param index="0">
              <value>
                <![CDATA[public void com.mu.testcases.WebRegiINYTFamily.verifyLightTestNetherlands()]]>
              </value>
            </param>
          </params>
          <reporter-output>
          </reporter-output>
        </test-method> <!-- setUpBeforeMethod -->
        <test-method status="PASS" signature="verifyLightTestNetherlands()[pri:0, instance:com.mu.testcases.WebRegiINYTFamily@ca48c5cc]" name="verifyLightTestNetherlands" duration-ms="2111" started-at="2019-08-22T16:58:13Z" finished-at="2019-08-22T16:58:15Z">
          <reporter-output>
          </reporter-output>
        </test-method> <!-- verifyLightTestNetherlands -->
        <test-method status="PASS" signature="tearDownAfterMethod(java.lang.reflect.Method)[pri:0, instance:com.mu.testcases.WebRegiINYTFamily@ca48c5cc]" name="tearDownAfterMethod" is-config="true" duration-ms="1" started-at="2019-08-22T16:58:15Z" finished-at="2019-08-22T16:58:15Z">
          <params>
            <param index="0">
              <value>
                <![CDATA[public void com.mu.testcases.WebRegiINYTFamily.verifyLightTestNetherlands()]]>
              </value>
            </param>
          </params>
          <reporter-output>
          </reporter-output>
        </test-method> <!-- tearDownAfterMethod -->
        <test-method status="PASS" signature="setUpBeforeMethod(java.lang.reflect.Method)[pri:0, instance:com.mu.testcases.WebRegiINYTFamily@ca48c5cc]" name="setUpBeforeMethod" is-config="true" duration-ms="1" started-at="2019-08-22T16:58:15Z" finished-at="2019-08-22T16:58:15Z">
          <params>
            <param index="0">
              <value>
                <![CDATA[public void com.mu.testcases.WebRegiINYTFamily.verifyLightTestNorway()]]>
              </value>
            </param>
          </params>
          <reporter-output>
          </reporter-output>
        </test-method> <!-- setUpBeforeMethod -->
        <test-method status="PASS" signature="verifyLightTestNorway()[pri:0, instance:com.mu.testcases.WebRegiINYTFamily@ca48c5cc]" name="verifyLightTestNorway" duration-ms="2151" started-at="2019-08-22T16:58:15Z" finished-at="2019-08-22T16:58:17Z">
          <reporter-output>
          </reporter-output>
        </test-method> <!-- verifyLightTestNorway -->
        <test-method status="PASS" signature="setUpBeforeMethod(java.lang.reflect.Method)[pri:0, instance:com.mu.testcases.WebRegiINYTFamily@ca48c5cc]" name="setUpBeforeMethod" is-config="true" duration-ms="1" started-at="2019-08-22T16:58:17Z" finished-at="2019-08-22T16:58:17Z">
          <params>
            <param index="0">
              <value>
                <![CDATA[public void com.mu.testcases.WebRegiINYTFamily.verifyLightTestSweden()]]>
              </value>
            </param>
          </params>
          <reporter-output>
          </reporter-output>
        </test-method> <!-- setUpBeforeMethod -->
        <test-method status="PASS" signature="tearDownAfterMethod(java.lang.reflect.Method)[pri:0, instance:com.mu.testcases.WebRegiINYTFamily@ca48c5cc]" name="tearDownAfterMethod" is-config="true" duration-ms="0" started-at="2019-08-22T16:58:17Z" finished-at="2019-08-22T16:58:17Z">
          <params>
            <param index="0">
              <value>
                <![CDATA[public void com.mu.testcases.WebRegiINYTFamily.verifyLightTestNorway()]]>
              </value>
            </param>
          </params>
          <reporter-output>
          </reporter-output>
        </test-method> <!-- tearDownAfterMethod -->
        <test-method status="PASS" signature="verifyLightTestSweden()[pri:0, instance:com.mu.testcases.WebRegiINYTFamily@ca48c5cc]" name="verifyLightTestSweden" duration-ms="1891" started-at="2019-08-22T16:58:17Z" finished-at="2019-08-22T16:58:19Z">
          <reporter-output>
          </reporter-output>
        </test-method> <!-- verifyLightTestSweden -->
        <test-method status="PASS" signature="tearDownAfterMethod(java.lang.reflect.Method)[pri:0, instance:com.mu.testcases.WebRegiINYTFamily@ca48c5cc]" name="tearDownAfterMethod" is-config="true" duration-ms="0" started-at="2019-08-22T16:58:19Z" finished-at="2019-08-22T16:58:19Z">
          <params>
            <param index="0">
              <value>
                <![CDATA[public void com.mu.testcases.WebRegiINYTFamily.verifyLightTestSweden()]]>
              </value>
            </param>
          </params>
          <reporter-output>
          </reporter-output>
        </test-method> <!-- tearDownAfterMethod -->
      </class> <!-- com.mu.testcases.WebRegiINYTFamily -->
      <class name="com.mu.testcases.WebRegiSale">
        <test-method status="PASS" signature="setUpBeforeMethod(java.lang.reflect.Method)[pri:0, instance:com.mu.testcases.WebRegiSale@865dac7f]" name="setUpBeforeMethod" is-config="true" duration-ms="0" started-at="2019-08-22T16:58:21Z" finished-at="2019-08-22T16:58:21Z">
          <params>
            <param index="0">
              <value>
                <![CDATA[public void com.mu.testcases.WebRegiSale.verifySaleINYT_AUS()]]>
              </value>
            </param>
          </params>
          <reporter-output>
          </reporter-output>
        </test-method> <!-- setUpBeforeMethod -->
        <test-method status="PASS" signature="verifySaleINYT_AUS()[pri:0, instance:com.mu.testcases.WebRegiSale@865dac7f]" name="verifySaleINYT_AUS" duration-ms="2179" started-at="2019-08-22T16:58:21Z" finished-at="2019-08-22T16:58:24Z">
          <reporter-output>
          </reporter-output>
        </test-method> <!-- verifySaleINYT_AUS -->
        <test-method status="PASS" signature="tearDownAfterMethod(java.lang.reflect.Method)[pri:0, instance:com.mu.testcases.WebRegiSale@865dac7f]" name="tearDownAfterMethod" is-config="true" duration-ms="1" started-at="2019-08-22T16:58:24Z" finished-at="2019-08-22T16:58:24Z">
          <params>
            <param index="0">
              <value>
                <![CDATA[public void com.mu.testcases.WebRegiSale.verifySaleINYT_AUS()]]>
              </value>
            </param>
          </params>
          <reporter-output>
          </reporter-output>
        </test-method> <!-- tearDownAfterMethod -->
        <test-method status="PASS" signature="verifySaleINYT_Asia_Singapore()[pri:0, instance:com.mu.testcases.WebRegiSale@865dac7f]" name="verifySaleINYT_Asia_Singapore" duration-ms="2291" started-at="2019-08-22T16:58:24Z" finished-at="2019-08-22T16:58:26Z">
          <reporter-output>
          </reporter-output>
        </test-method> <!-- verifySaleINYT_Asia_Singapore -->
        <test-method status="PASS" signature="setUpBeforeMethod(java.lang.reflect.Method)[pri:0, instance:com.mu.testcases.WebRegiSale@865dac7f]" name="setUpBeforeMethod" is-config="true" duration-ms="0" started-at="2019-08-22T16:58:24Z" finished-at="2019-08-22T16:58:24Z">
          <params>
            <param index="0">
              <value>
                <![CDATA[public void com.mu.testcases.WebRegiSale.verifySaleINYT_Asia_Singapore()]]>
              </value>
            </param>
          </params>
          <reporter-output>
          </reporter-output>
        </test-method> <!-- setUpBeforeMethod -->
        <test-method status="PASS" signature="setUpBeforeMethod(java.lang.reflect.Method)[pri:0, instance:com.mu.testcases.WebRegiSale@865dac7f]" name="setUpBeforeMethod" is-config="true" duration-ms="1" started-at="2019-08-22T16:58:26Z" finished-at="2019-08-22T16:58:26Z">
          <params>
            <param index="0">
              <value>
                <![CDATA[public void com.mu.testcases.WebRegiSale.verifySaleINYT_CAN()]]>
              </value>
            </param>
          </params>
          <reporter-output>
          </reporter-output>
        </test-method> <!-- setUpBeforeMethod -->
        <test-method status="PASS" signature="tearDownAfterMethod(java.lang.reflect.Method)[pri:0, instance:com.mu.testcases.WebRegiSale@865dac7f]" name="tearDownAfterMethod" is-config="true" duration-ms="0" started-at="2019-08-22T16:58:26Z" finished-at="2019-08-22T16:58:26Z">
          <params>
            <param index="0">
              <value>
                <![CDATA[public void com.mu.testcases.WebRegiSale.verifySaleINYT_Asia_Singapore()]]>
              </value>
            </param>
          </params>
          <reporter-output>
          </reporter-output>
        </test-method> <!-- tearDownAfterMethod -->
        <test-method status="PASS" signature="verifySaleINYT_CAN()[pri:0, instance:com.mu.testcases.WebRegiSale@865dac7f]" name="verifySaleINYT_CAN" duration-ms="2007" started-at="2019-08-22T16:58:26Z" finished-at="2019-08-22T16:58:28Z">
          <reporter-output>
          </reporter-output>
        </test-method> <!-- verifySaleINYT_CAN -->
        <test-method status="PASS" signature="tearDownAfterMethod(java.lang.reflect.Method)[pri:0, instance:com.mu.testcases.WebRegiSale@865dac7f]" name="tearDownAfterMethod" is-config="true" duration-ms="0" started-at="2019-08-22T16:58:28Z" finished-at="2019-08-22T16:58:28Z">
          <params>
            <param index="0">
              <value>
                <![CDATA[public void com.mu.testcases.WebRegiSale.verifySaleINYT_CAN()]]>
              </value>
            </param>
          </params>
          <reporter-output>
          </reporter-output>
        </test-method> <!-- tearDownAfterMethod -->
        <test-method status="PASS" signature="verifySaleINYT_EUR()[pri:0, instance:com.mu.testcases.WebRegiSale@865dac7f]" name="verifySaleINYT_EUR" duration-ms="2274" started-at="2019-08-22T16:58:28Z" finished-at="2019-08-22T16:58:30Z">
          <reporter-output>
          </reporter-output>
        </test-method> <!-- verifySaleINYT_EUR -->
        <test-method status="PASS" signature="setUpBeforeMethod(java.lang.reflect.Method)[pri:0, instance:com.mu.testcases.WebRegiSale@865dac7f]" name="setUpBeforeMethod" is-config="true" duration-ms="0" started-at="2019-08-22T16:58:28Z" finished-at="2019-08-22T16:58:28Z">
          <params>
            <param index="0">
              <value>
                <![CDATA[public void com.mu.testcases.WebRegiSale.verifySaleINYT_EUR()]]>
              </value>
            </param>
          </params>
          <reporter-output>
          </reporter-output>
        </test-method> <!-- setUpBeforeMethod -->
        <test-method status="PASS" signature="tearDownAfterMethod(java.lang.reflect.Method)[pri:0, instance:com.mu.testcases.WebRegiSale@865dac7f]" name="tearDownAfterMethod" is-config="true" duration-ms="1" started-at="2019-08-22T16:58:30Z" finished-at="2019-08-22T16:58:30Z">
          <params>
            <param index="0">
              <value>
                <![CDATA[public void com.mu.testcases.WebRegiSale.verifySaleINYT_EUR()]]>
              </value>
            </param>
          </params>
          <reporter-output>
          </reporter-output>
        </test-method> <!-- tearDownAfterMethod -->
        <test-method status="FAIL" signature="verifySaleINYT_IND()[pri:0, instance:com.mu.testcases.WebRegiSale@865dac7f]" name="verifySaleINYT_IND" duration-ms="1987" started-at="2019-08-22T16:58:30Z" finished-at="2019-08-22T16:58:32Z">
          <exception class="java.lang.AssertionError">
            <message>
              <![CDATA[null]]>
            </message>
            <full-stacktrace>
              <![CDATA[java.lang.AssertionError: null
	at org.testng.Assert.fail(Assert.java:93)
	at org.testng.Assert.fail(Assert.java:100)
	at com.mu.testcases.WebRegiSale.verifySaleINYT_IND(WebRegiSale.java:178)
	at sun.reflect.NativeMethodAccessorImpl.invoke0(Native Method)
	at sun.reflect.NativeMethodAccessorImpl.invoke(NativeMethodAccessorImpl.java:62)
	at sun.reflect.DelegatingMethodAccessorImpl.invoke(DelegatingMethodAccessorImpl.java:43)
	at java.lang.reflect.Method.invoke(Method.java:498)
	at org.testng.internal.MethodInvocationHelper.invokeMethod(MethodInvocationHelper.java:108)
	at org.testng.internal.Invoker.invokeMethod(Invoker.java:661)
	at org.testng.internal.Invoker.invokeTestMethod(Invoker.java:869)
	at org.testng.internal.Invoker.invokeTestMethods(Invoker.java:1193)
	at org.testng.internal.TestMethodWorker.invokeTestMethods(TestMethodWorker.java:126)
	at org.testng.internal.TestMethodWorker.run(TestMethodWorker.java:109)
	at java.util.concurrent.ThreadPoolExecutor.runWorker(ThreadPoolExecutor.java:1149)
	at java.util.concurrent.ThreadPoolExecutor$Worker.run(ThreadPoolExecutor.java:624)
	at java.lang.Thread.run(Thread.java:813)
]]>
            </full-stacktrace>
          </exception> <!-- java.lang.AssertionError -->
          <reporter-output>
            <line>
              <![CDATA[gateway targetingInfo for Test Campaign : MAG_web_regi_all_monthly-sale]]>
            </line>
            <line>
              <![CDATA[Error: expected [/subscription/variants/variant-24] but found [null]]]>
            </line>
            <line>
              <![CDATA[gateway targetingInfo for Test Campaign : MAG_web_regi_all_monthly-sale]]>
            </line>
            <line>
              <![CDATA[Error: expected [/creatives/lp/inyt/sale/primary-ind-lp8U87I-1.0] but found [null]]]>
            </line>
          </reporter-output>
        </test-method> <!-- verifySaleINYT_IND -->
        <test-method status="PASS" signature="setUpBeforeMethod(java.lang.reflect.Method)[pri:0, instance:com.mu.testcases.WebRegiSale@865dac7f]" name="setUpBeforeMethod" is-config="true" duration-ms="0" started-at="2019-08-22T16:58:30Z" finished-at="2019-08-22T16:58:30Z">
          <params>
            <param index="0">
              <value>
                <![CDATA[public void com.mu.testcases.WebRegiSale.verifySaleINYT_IND()]]>
              </value>
            </param>
          </params>
          <reporter-output>
          </reporter-output>
        </test-method> <!-- setUpBeforeMethod -->
        <test-method status="PASS" signature="tearDownAfterMethod(java.lang.reflect.Method)[pri:0, instance:com.mu.testcases.WebRegiSale@865dac7f]" name="tearDownAfterMethod" is-config="true" duration-ms="0" started-at="2019-08-22T16:58:32Z" finished-at="2019-08-22T16:58:32Z">
          <params>
            <param index="0">
              <value>
                <![CDATA[public void com.mu.testcases.WebRegiSale.verifySaleINYT_IND()]]>
              </value>
            </param>
          </params>
          <reporter-output>
          </reporter-output>
        </test-method> <!-- tearDownAfterMethod -->
        <test-method status="PASS" signature="setUpBeforeMethod(java.lang.reflect.Method)[pri:0, instance:com.mu.testcases.WebRegiSale@865dac7f]" name="setUpBeforeMethod" is-config="true" duration-ms="0" started-at="2019-08-22T16:58:32Z" finished-at="2019-08-22T16:58:32Z">
          <params>
            <param index="0">
              <value>
                <![CDATA[public void com.mu.testcases.WebRegiSale.verifySaleINYT_ROW_Mexico()]]>
              </value>
            </param>
          </params>
          <reporter-output>
          </reporter-output>
        </test-method> <!-- setUpBeforeMethod -->
        <test-method status="PASS" signature="verifySaleINYT_ROW_Mexico()[pri:0, instance:com.mu.testcases.WebRegiSale@865dac7f]" name="verifySaleINYT_ROW_Mexico" duration-ms="1832" started-at="2019-08-22T16:58:32Z" finished-at="2019-08-22T16:58:34Z">
          <reporter-output>
          </reporter-output>
        </test-method> <!-- verifySaleINYT_ROW_Mexico -->
        <test-method status="PASS" signature="tearDownAfterMethod(java.lang.reflect.Method)[pri:0, instance:com.mu.testcases.WebRegiSale@865dac7f]" name="tearDownAfterMethod" is-config="true" duration-ms="0" started-at="2019-08-22T16:58:34Z" finished-at="2019-08-22T16:58:34Z">
          <params>
            <param index="0">
              <value>
                <![CDATA[public void com.mu.testcases.WebRegiSale.verifySaleINYT_ROW_Mexico()]]>
              </value>
            </param>
          </params>
          <reporter-output>
          </reporter-output>
        </test-method> <!-- tearDownAfterMethod -->
        <test-method status="PASS" signature="verifySaleINYT_UK()[pri:0, instance:com.mu.testcases.WebRegiSale@865dac7f]" name="verifySaleINYT_UK" duration-ms="2040" started-at="2019-08-22T16:58:34Z" finished-at="2019-08-22T16:58:36Z">
          <reporter-output>
          </reporter-output>
        </test-method> <!-- verifySaleINYT_UK -->
        <test-method status="PASS" signature="setUpBeforeMethod(java.lang.reflect.Method)[pri:0, instance:com.mu.testcases.WebRegiSale@865dac7f]" name="setUpBeforeMethod" is-config="true" duration-ms="0" started-at="2019-08-22T16:58:34Z" finished-at="2019-08-22T16:58:34Z">
          <params>
            <param index="0">
              <value>
                <![CDATA[public void com.mu.testcases.WebRegiSale.verifySaleINYT_UK()]]>
              </value>
            </param>
          </params>
          <reporter-output>
          </reporter-output>
        </test-method> <!-- setUpBeforeMethod -->
        <test-method status="PASS" signature="tearDownAfterMethod(java.lang.reflect.Method)[pri:0, instance:com.mu.testcases.WebRegiSale@865dac7f]" name="tearDownAfterMethod" is-config="true" duration-ms="1" started-at="2019-08-22T16:58:36Z" finished-at="2019-08-22T16:58:36Z">
          <params>
            <param index="0">
              <value>
                <![CDATA[public void com.mu.testcases.WebRegiSale.verifySaleINYT_UK()]]>
              </value>
            </param>
          </params>
          <reporter-output>
          </reporter-output>
        </test-method> <!-- tearDownAfterMethod -->
        <test-method status="PASS" signature="setUpBeforeMethod(java.lang.reflect.Method)[pri:0, instance:com.mu.testcases.WebRegiSale@865dac7f]" name="setUpBeforeMethod" is-config="true" duration-ms="0" started-at="2019-08-22T16:58:36Z" finished-at="2019-08-22T16:58:36Z">
          <params>
            <param index="0">
              <value>
                <![CDATA[public void com.mu.testcases.WebRegiSale.verifySaleUSGM()]]>
              </value>
            </param>
          </params>
          <reporter-output>
          </reporter-output>
        </test-method> <!-- setUpBeforeMethod -->
        <test-method status="PASS" signature="verifySaleUSGM()[pri:0, instance:com.mu.testcases.WebRegiSale@865dac7f]" name="verifySaleUSGM" duration-ms="1864" started-at="2019-08-22T16:58:36Z" finished-at="2019-08-22T16:58:38Z">
          <reporter-output>
          </reporter-output>
        </test-method> <!-- verifySaleUSGM -->
        <test-method status="PASS" signature="tearDownAfterMethod(java.lang.reflect.Method)[pri:0, instance:com.mu.testcases.WebRegiSale@865dac7f]" name="tearDownAfterMethod" is-config="true" duration-ms="0" started-at="2019-08-22T16:58:38Z" finished-at="2019-08-22T16:58:38Z">
          <params>
            <param index="0">
              <value>
                <![CDATA[public void com.mu.testcases.WebRegiSale.verifySaleUSGM()]]>
              </value>
            </param>
          </params>
          <reporter-output>
          </reporter-output>
        </test-method> <!-- tearDownAfterMethod -->
      </class> <!-- com.mu.testcases.WebRegiSale -->
    </test> <!-- CAPI Regression Test -->
  </suite> <!-- Suite -->
</testng-results>
